{"/home/andrew/Projects/ClassProjects/OlinJShomework/twoter/app.js":{"path":"/home/andrew/Projects/ClassProjects/OlinJShomework/twoter/app.js","s":{"1":1,"2":1,"3":1,"4":1,"5":1,"6":1,"7":1,"8":1,"9":1,"10":1,"11":1,"12":1,"13":1,"14":1,"15":1,"16":1,"17":1,"18":1,"19":1,"20":1,"21":1,"22":1,"23":1,"24":1,"25":1,"26":1,"27":1,"28":1,"29":1,"30":1,"31":1,"32":1,"33":0,"34":0,"35":1,"36":1,"37":1,"38":1},"b":{},"f":{"1":0},"fnMap":{"1":{"name":"(anonymous_1)","line":53,"loc":{"start":{"line":53,"column":19},"end":{"line":53,"column":38}}}},"statementMap":{"1":{"start":{"line":1,"column":0},"end":{"line":1,"column":33}},"2":{"start":{"line":2,"column":0},"end":{"line":2,"column":27}},"3":{"start":{"line":3,"column":0},"end":{"line":3,"column":43}},"4":{"start":{"line":4,"column":0},"end":{"line":4,"column":40}},"5":{"start":{"line":5,"column":0},"end":{"line":5,"column":35}},"6":{"start":{"line":6,"column":0},"end":{"line":6,"column":35}},"7":{"start":{"line":7,"column":0},"end":{"line":7,"column":48}},"8":{"start":{"line":8,"column":0},"end":{"line":8,"column":29}},"9":{"start":{"line":9,"column":0},"end":{"line":9,"column":57}},"10":{"start":{"line":10,"column":0},"end":{"line":10,"column":41}},"11":{"start":{"line":11,"column":0},"end":{"line":11,"column":20}},"12":{"start":{"line":13,"column":0},"end":{"line":13,"column":29}},"13":{"start":{"line":14,"column":0},"end":{"line":16,"column":4}},"14":{"start":{"line":18,"column":0},"end":{"line":18,"column":58}},"15":{"start":{"line":19,"column":0},"end":{"line":19,"column":37}},"16":{"start":{"line":21,"column":0},"end":{"line":21,"column":56}},"17":{"start":{"line":22,"column":0},"end":{"line":24,"column":28}},"18":{"start":{"line":25,"column":0},"end":{"line":25,"column":31}},"19":{"start":{"line":26,"column":0},"end":{"line":26,"column":28}},"20":{"start":{"line":27,"column":0},"end":{"line":27,"column":17}},"21":{"start":{"line":29,"column":0},"end":{"line":29,"column":23}},"22":{"start":{"line":31,"column":0},"end":{"line":31,"column":47}},"23":{"start":{"line":33,"column":0},"end":{"line":33,"column":41}},"24":{"start":{"line":34,"column":0},"end":{"line":34,"column":43}},"25":{"start":{"line":35,"column":0},"end":{"line":35,"column":44}},"26":{"start":{"line":36,"column":0},"end":{"line":36,"column":52}},"27":{"start":{"line":38,"column":0},"end":{"line":38,"column":25}},"28":{"start":{"line":40,"column":0},"end":{"line":40,"column":59}},"29":{"start":{"line":41,"column":0},"end":{"line":45,"column":4}},"30":{"start":{"line":47,"column":0},"end":{"line":47,"column":61}},"31":{"start":{"line":48,"column":0},"end":{"line":51,"column":4}},"32":{"start":{"line":53,"column":0},"end":{"line":56,"column":3}},"33":{"start":{"line":54,"column":1},"end":{"line":54,"column":14}},"34":{"start":{"line":55,"column":1},"end":{"line":55,"column":19}},"35":{"start":{"line":59,"column":0},"end":{"line":59,"column":45}},"36":{"start":{"line":60,"column":0},"end":{"line":60,"column":61}},"37":{"start":{"line":62,"column":0},"end":{"line":62,"column":17}},"38":{"start":{"line":64,"column":0},"end":{"line":64,"column":21}}},"branchMap":{}},"/home/andrew/Projects/ClassProjects/OlinJShomework/twoter/passport/initPassport.js":{"path":"/home/andrew/Projects/ClassProjects/OlinJShomework/twoter/passport/initPassport.js","s":{"1":1,"2":1,"3":1,"4":1,"5":0,"6":1,"7":0,"8":1,"9":1},"b":{},"f":{"1":1,"2":0,"3":0},"fnMap":{"1":{"name":"(anonymous_1)","line":4,"loc":{"start":{"line":4,"column":17},"end":{"line":4,"column":36}}},"2":{"name":"(anonymous_2)","line":5,"loc":{"start":{"line":5,"column":24},"end":{"line":5,"column":45}}},"3":{"name":"(anonymous_3)","line":9,"loc":{"start":{"line":9,"column":26},"end":{"line":9,"column":47}}}},"statementMap":{"1":{"start":{"line":1,"column":0},"end":{"line":1,"column":34}},"2":{"start":{"line":2,"column":0},"end":{"line":2,"column":34}},"3":{"start":{"line":4,"column":0},"end":{"line":15,"column":2}},"4":{"start":{"line":5,"column":1},"end":{"line":7,"column":4}},"5":{"start":{"line":6,"column":2},"end":{"line":6,"column":19}},"6":{"start":{"line":9,"column":1},"end":{"line":11,"column":4}},"7":{"start":{"line":10,"column":2},"end":{"line":10,"column":19}},"8":{"start":{"line":13,"column":1},"end":{"line":13,"column":17}},"9":{"start":{"line":14,"column":1},"end":{"line":14,"column":14}}},"branchMap":{}},"/home/andrew/Projects/ClassProjects/OlinJShomework/twoter/passport/local.js":{"path":"/home/andrew/Projects/ClassProjects/OlinJShomework/twoter/passport/local.js","s":{"1":1,"2":1,"3":1,"4":1,"5":1,"6":1,"7":0,"8":0,"9":0,"10":0,"11":0,"12":0,"13":0,"14":0,"15":0,"16":0,"17":0,"18":0},"b":{"1":[0,0],"2":[0,0],"3":[0,0],"4":[0,0]},"f":{"1":1,"2":0,"3":0,"4":0},"fnMap":{"1":{"name":"(anonymous_1)","line":6,"loc":{"start":{"line":6,"column":17},"end":{"line":6,"column":36}}},"2":{"name":"(anonymous_2)","line":9,"loc":{"start":{"line":9,"column":4},"end":{"line":9,"column":44}}},"3":{"name":"(anonymous_3)","line":10,"loc":{"start":{"line":10,"column":36},"end":{"line":10,"column":56}}},"4":{"name":"(anonymous_4)","line":20,"loc":{"start":{"line":20,"column":17},"end":{"line":20,"column":37}}}},"statementMap":{"1":{"start":{"line":1,"column":0},"end":{"line":1,"column":35}},"2":{"start":{"line":2,"column":0},"end":{"line":2,"column":55}},"3":{"start":{"line":3,"column":0},"end":{"line":3,"column":35}},"4":{"start":{"line":4,"column":0},"end":{"line":4,"column":40}},"5":{"start":{"line":6,"column":0},"end":{"line":36,"column":2}},"6":{"start":{"line":7,"column":1},"end":{"line":35,"column":5}},"7":{"start":{"line":10,"column":2},"end":{"line":34,"column":5}},"8":{"start":{"line":11,"column":3},"end":{"line":13,"column":4}},"9":{"start":{"line":12,"column":4},"end":{"line":12,"column":21}},"10":{"start":{"line":14,"column":3},"end":{"line":33,"column":4}},"11":{"start":{"line":15,"column":4},"end":{"line":18,"column":7}},"12":{"start":{"line":20,"column":4},"end":{"line":26,"column":7}},"13":{"start":{"line":21,"column":5},"end":{"line":25,"column":6}},"14":{"start":{"line":22,"column":6},"end":{"line":22,"column":23}},"15":{"start":{"line":24,"column":6},"end":{"line":24,"column":30}},"16":{"start":{"line":28,"column":4},"end":{"line":32,"column":5}},"17":{"start":{"line":29,"column":5},"end":{"line":29,"column":29}},"18":{"start":{"line":31,"column":5},"end":{"line":31,"column":62}}},"branchMap":{"1":{"line":11,"type":"if","locations":[{"start":{"line":11,"column":3},"end":{"line":11,"column":3}},{"start":{"line":11,"column":3},"end":{"line":11,"column":3}}]},"2":{"line":14,"type":"if","locations":[{"start":{"line":14,"column":3},"end":{"line":14,"column":3}},{"start":{"line":14,"column":3},"end":{"line":14,"column":3}}]},"3":{"line":21,"type":"if","locations":[{"start":{"line":21,"column":5},"end":{"line":21,"column":5}},{"start":{"line":21,"column":5},"end":{"line":21,"column":5}}]},"4":{"line":28,"type":"if","locations":[{"start":{"line":28,"column":4},"end":{"line":28,"column":4}},{"start":{"line":28,"column":4},"end":{"line":28,"column":4}}]}}},"/home/andrew/Projects/ClassProjects/OlinJShomework/twoter/models/user.js":{"path":"/home/andrew/Projects/ClassProjects/OlinJShomework/twoter/models/user.js","s":{"1":1,"2":1,"3":1},"b":{},"f":{},"fnMap":{},"statementMap":{"1":{"start":{"line":1,"column":0},"end":{"line":1,"column":35}},"2":{"start":{"line":3,"column":0},"end":{"line":6,"column":3}},"3":{"start":{"line":8,"column":0},"end":{"line":8,"column":52}}},"branchMap":{}},"/home/andrew/Projects/ClassProjects/OlinJShomework/twoter/passport/facebook.js":{"path":"/home/andrew/Projects/ClassProjects/OlinJShomework/twoter/passport/facebook.js","s":{"1":1,"2":1,"3":1,"4":1,"5":1,"6":0,"7":0,"8":0,"9":0,"10":0,"11":0,"12":0,"13":0,"14":0,"15":0,"16":0,"17":1,"18":0,"19":0,"20":0,"21":1,"22":0,"23":0,"24":0,"25":0,"26":0},"b":{"1":[0,0],"2":[0,0],"3":[0,0],"4":[0,0],"5":[0,0]},"f":{"1":1,"2":0,"3":0,"4":0,"5":0,"6":0,"7":0},"fnMap":{"1":{"name":"(anonymous_1)","line":5,"loc":{"start":{"line":5,"column":17},"end":{"line":5,"column":36}}},"2":{"name":"(anonymous_2)","line":10,"loc":{"start":{"line":10,"column":4},"end":{"line":10,"column":55}}},"3":{"name":"(anonymous_3)","line":17,"loc":{"start":{"line":17,"column":36},"end":{"line":17,"column":56}}},"4":{"name":"(anonymous_4)","line":35,"loc":{"start":{"line":35,"column":21},"end":{"line":35,"column":56}}},"5":{"name":"(anonymous_5)","line":36,"loc":{"start":{"line":36,"column":43},"end":{"line":36,"column":64}}},"6":{"name":"(anonymous_6)","line":43,"loc":{"start":{"line":43,"column":15},"end":{"line":43,"column":50}}},"7":{"name":"(anonymous_7)","line":49,"loc":{"start":{"line":49,"column":14},"end":{"line":49,"column":34}}}},"statementMap":{"1":{"start":{"line":1,"column":0},"end":{"line":1,"column":61}},"2":{"start":{"line":2,"column":0},"end":{"line":2,"column":46}},"3":{"start":{"line":3,"column":0},"end":{"line":3,"column":40}},"4":{"start":{"line":5,"column":0},"end":{"line":33,"column":2}},"5":{"start":{"line":6,"column":1},"end":{"line":32,"column":5}},"6":{"start":{"line":12,"column":2},"end":{"line":12,"column":40}},"7":{"start":{"line":13,"column":2},"end":{"line":13,"column":22}},"8":{"start":{"line":15,"column":2},"end":{"line":15,"column":58}},"9":{"start":{"line":17,"column":2},"end":{"line":31,"column":5}},"10":{"start":{"line":18,"column":3},"end":{"line":30,"column":4}},"11":{"start":{"line":19,"column":4},"end":{"line":19,"column":21}},"12":{"start":{"line":21,"column":4},"end":{"line":29,"column":5}},"13":{"start":{"line":22,"column":5},"end":{"line":22,"column":34}},"14":{"start":{"line":24,"column":5},"end":{"line":28,"column":6}},"15":{"start":{"line":25,"column":6},"end":{"line":25,"column":30}},"16":{"start":{"line":27,"column":6},"end":{"line":27,"column":41}},"17":{"start":{"line":35,"column":0},"end":{"line":41,"column":2}},"18":{"start":{"line":36,"column":1},"end":{"line":40,"column":4}},"19":{"start":{"line":37,"column":2},"end":{"line":37,"column":76}},"20":{"start":{"line":39,"column":2},"end":{"line":39,"column":40}},"21":{"start":{"line":43,"column":0},"end":{"line":56,"column":2}},"22":{"start":{"line":44,"column":1},"end":{"line":47,"column":4}},"23":{"start":{"line":49,"column":1},"end":{"line":55,"column":4}},"24":{"start":{"line":50,"column":2},"end":{"line":54,"column":3}},"25":{"start":{"line":51,"column":3},"end":{"line":51,"column":20}},"26":{"start":{"line":53,"column":3},"end":{"line":53,"column":27}}},"branchMap":{"1":{"line":18,"type":"if","locations":[{"start":{"line":18,"column":3},"end":{"line":18,"column":3}},{"start":{"line":18,"column":3},"end":{"line":18,"column":3}}]},"2":{"line":21,"type":"if","locations":[{"start":{"line":21,"column":4},"end":{"line":21,"column":4}},{"start":{"line":21,"column":4},"end":{"line":21,"column":4}}]},"3":{"line":24,"type":"if","locations":[{"start":{"line":24,"column":5},"end":{"line":24,"column":5}},{"start":{"line":24,"column":5},"end":{"line":24,"column":5}}]},"4":{"line":37,"type":"cond-expr","locations":[{"start":{"line":37,"column":41},"end":{"line":37,"column":49}},{"start":{"line":37,"column":52},"end":{"line":37,"column":75}}]},"5":{"line":50,"type":"if","locations":[{"start":{"line":50,"column":2},"end":{"line":50,"column":2}},{"start":{"line":50,"column":2},"end":{"line":50,"column":2}}]}}},"/home/andrew/Projects/ClassProjects/OlinJShomework/twoter/passport/credentials.js":{"path":"/home/andrew/Projects/ClassProjects/OlinJShomework/twoter/passport/credentials.js","s":{"1":1},"b":{},"f":{},"fnMap":{},"statementMap":{"1":{"start":{"line":1,"column":0},"end":{"line":5,"column":2}}},"branchMap":{}},"/home/andrew/Projects/ClassProjects/OlinJShomework/twoter/passport/auth.js":{"path":"/home/andrew/Projects/ClassProjects/OlinJShomework/twoter/passport/auth.js","s":{"1":1,"2":1,"3":0,"4":1,"5":1},"b":{"1":[0,1]},"f":{"1":1},"fnMap":{"1":{"name":"(anonymous_1)","line":1,"loc":{"start":{"line":1,"column":22},"end":{"line":1,"column":48}}}},"statementMap":{"1":{"start":{"line":1,"column":0},"end":{"line":9,"column":2}},"2":{"start":{"line":5,"column":1},"end":{"line":6,"column":16}},"3":{"start":{"line":6,"column":2},"end":{"line":6,"column":16}},"4":{"start":{"line":8,"column":1},"end":{"line":8,"column":19}},"5":{"start":{"line":11,"column":0},"end":{"line":11,"column":49}}},"branchMap":{"1":{"line":5,"type":"if","locations":[{"start":{"line":5,"column":1},"end":{"line":5,"column":1}},{"start":{"line":5,"column":1},"end":{"line":5,"column":1}}]}}},"/home/andrew/Projects/ClassProjects/OlinJShomework/twoter/routes/index.js":{"path":"/home/andrew/Projects/ClassProjects/OlinJShomework/twoter/routes/index.js","s":{"1":1,"2":1,"3":1,"4":1},"b":{},"f":{"1":1},"fnMap":{"1":{"name":"(anonymous_1)","line":1,"loc":{"start":{"line":1,"column":11},"end":{"line":1,"column":29}}}},"statementMap":{"1":{"start":{"line":1,"column":0},"end":{"line":4,"column":2}},"2":{"start":{"line":2,"column":1},"end":{"line":2,"column":53}},"3":{"start":{"line":3,"column":3},"end":{"line":3,"column":47}},"4":{"start":{"line":6,"column":0},"end":{"line":6,"column":27}}},"branchMap":{}},"/home/andrew/Projects/ClassProjects/OlinJShomework/twoter/routes/twoter.js":{"path":"/home/andrew/Projects/ClassProjects/OlinJShomework/twoter/routes/twoter.js","s":{"1":1,"2":1,"3":1,"4":1,"5":0,"6":0,"7":0,"8":0,"9":0,"10":0,"11":0,"12":1},"b":{"1":[0,0],"2":[0,0]},"f":{"1":0,"2":0,"3":0},"fnMap":{"1":{"name":"(anonymous_1)","line":6,"loc":{"start":{"line":6,"column":16},"end":{"line":6,"column":35}}},"2":{"name":"(anonymous_2)","line":10,"loc":{"start":{"line":10,"column":43},"end":{"line":10,"column":65}}},"3":{"name":"(anonymous_3)","line":14,"loc":{"start":{"line":14,"column":17},"end":{"line":14,"column":38}}}},"statementMap":{"1":{"start":{"line":1,"column":0},"end":{"line":1,"column":35}},"2":{"start":{"line":3,"column":0},"end":{"line":3,"column":40}},"3":{"start":{"line":4,"column":0},"end":{"line":4,"column":42}},"4":{"start":{"line":6,"column":0},"end":{"line":19,"column":2}},"5":{"start":{"line":7,"column":1},"end":{"line":8,"column":23}},"6":{"start":{"line":10,"column":1},"end":{"line":18,"column":4}},"7":{"start":{"line":11,"column":2},"end":{"line":11,"column":40}},"8":{"start":{"line":13,"column":2},"end":{"line":13,"column":51}},"9":{"start":{"line":14,"column":2},"end":{"line":17,"column":5}},"10":{"start":{"line":15,"column":3},"end":{"line":15,"column":39}},"11":{"start":{"line":16,"column":3},"end":{"line":16,"column":36}},"12":{"start":{"line":22,"column":0},"end":{"line":22,"column":37}}},"branchMap":{"1":{"line":11,"type":"cond-expr","locations":[{"start":{"line":11,"column":28},"end":{"line":11,"column":30}},{"start":{"line":11,"column":33},"end":{"line":11,"column":39}}]},"2":{"line":15,"type":"cond-expr","locations":[{"start":{"line":15,"column":28},"end":{"line":15,"column":30}},{"start":{"line":15,"column":33},"end":{"line":15,"column":38}}]}}},"/home/andrew/Projects/ClassProjects/OlinJShomework/twoter/models/twote.js":{"path":"/home/andrew/Projects/ClassProjects/OlinJShomework/twoter/models/twote.js","s":{"1":1,"2":1,"3":1},"b":{},"f":{},"fnMap":{},"statementMap":{"1":{"start":{"line":1,"column":0},"end":{"line":1,"column":35}},"2":{"start":{"line":3,"column":0},"end":{"line":8,"column":3}},"3":{"start":{"line":10,"column":0},"end":{"line":10,"column":54}}},"branchMap":{}},"/home/andrew/Projects/ClassProjects/OlinJShomework/twoter/routes/addTwote.js":{"path":"/home/andrew/Projects/ClassProjects/OlinJShomework/twoter/routes/addTwote.js","s":{"1":1,"2":1,"3":1,"4":0,"5":0,"6":0,"7":0,"8":0,"9":0,"10":0,"11":0,"12":1},"b":{"1":[0,0]},"f":{"1":0,"2":0},"fnMap":{"1":{"name":"(anonymous_1)","line":5,"loc":{"start":{"line":5,"column":22},"end":{"line":5,"column":41}}},"2":{"name":"(anonymous_2)","line":19,"loc":{"start":{"line":19,"column":12},"end":{"line":19,"column":33}}}},"statementMap":{"1":{"start":{"line":1,"column":0},"end":{"line":1,"column":35}},"2":{"start":{"line":2,"column":0},"end":{"line":2,"column":42}},"3":{"start":{"line":5,"column":0},"end":{"line":24,"column":2}},"4":{"start":{"line":6,"column":1},"end":{"line":6,"column":30}},"5":{"start":{"line":7,"column":1},"end":{"line":7,"column":27}},"6":{"start":{"line":8,"column":1},"end":{"line":8,"column":34}},"7":{"start":{"line":10,"column":1},"end":{"line":10,"column":28}},"8":{"start":{"line":12,"column":1},"end":{"line":17,"column":4}},"9":{"start":{"line":19,"column":1},"end":{"line":23,"column":4}},"10":{"start":{"line":20,"column":2},"end":{"line":20,"column":30}},"11":{"start":{"line":22,"column":2},"end":{"line":22,"column":17}},"12":{"start":{"line":26,"column":0},"end":{"line":26,"column":42}}},"branchMap":{"1":{"line":20,"type":"cond-expr","locations":[{"start":{"line":20,"column":19},"end":{"line":20,"column":21}},{"start":{"line":20,"column":24},"end":{"line":20,"column":29}}]}}},"/home/andrew/Projects/ClassProjects/OlinJShomework/twoter/routes/findTwoteByUser.js":{"path":"/home/andrew/Projects/ClassProjects/OlinJShomework/twoter/routes/findTwoteByUser.js","s":{"1":1,"2":1,"3":1,"4":0,"5":0,"6":0,"7":0,"8":1},"b":{"1":[0,0]},"f":{"1":0,"2":0},"fnMap":{"1":{"name":"(anonymous_1)","line":4,"loc":{"start":{"line":4,"column":23},"end":{"line":4,"column":42}}},"2":{"name":"(anonymous_2)","line":9,"loc":{"start":{"line":9,"column":46},"end":{"line":9,"column":68}}}},"statementMap":{"1":{"start":{"line":1,"column":0},"end":{"line":1,"column":35}},"2":{"start":{"line":2,"column":0},"end":{"line":2,"column":42}},"3":{"start":{"line":4,"column":0},"end":{"line":12,"column":2}},"4":{"start":{"line":5,"column":1},"end":{"line":5,"column":35}},"5":{"start":{"line":7,"column":1},"end":{"line":7,"column":63}},"6":{"start":{"line":9,"column":1},"end":{"line":11,"column":4}},"7":{"start":{"line":10,"column":2},"end":{"line":10,"column":19}},"8":{"start":{"line":14,"column":0},"end":{"line":14,"column":51}}},"branchMap":{"1":{"line":7,"type":"cond-expr","locations":[{"start":{"line":7,"column":38},"end":{"line":7,"column":40}},{"start":{"line":7,"column":43},"end":{"line":7,"column":62}}]}}}}